2021-02-10 23:50:20.546 [main] INFO  com.hezhu.edu.EduApplication - Starting EduApplication on DESKTOP-RVPIET4 with PID 22140 (started by HeZhu in E:\3.Java\5.谷粒学院\2.代码\edu_parent)
2021-02-10 23:50:20.550 [main] INFO  com.hezhu.edu.EduApplication - The following profiles are active: dev
2021-02-10 23:50:21.144 [main] INFO  o.s.d.r.config.RepositoryConfigurationDelegate - Multiple Spring Data modules found, entering strict repository configuration mode!
2021-02-10 23:50:21.146 [main] INFO  o.s.d.r.config.RepositoryConfigurationDelegate - Bootstrapping Spring Data repositories in DEFAULT mode.
2021-02-10 23:50:21.161 [main] INFO  o.s.d.r.config.RepositoryConfigurationDelegate - Finished Spring Data repository scanning in 6ms. Found 0 repository interfaces.
2021-02-10 23:50:21.322 [main] INFO  o.s.c.s.PostProcessorRegistrationDelegate$BeanPostProcessorChecker - Bean 'org.springframework.transaction.annotation.ProxyTransactionManagementConfiguration' of type [org.springframework.transaction.annotation.ProxyTransactionManagementConfiguration] is not eligible for getting processed by all BeanPostProcessors (for example: not eligible for auto-proxying)
2021-02-10 23:50:21.496 [main] INFO  o.s.boot.web.embedded.tomcat.TomcatWebServer - Tomcat initialized with port(s): 8001 (http)
2021-02-10 23:50:21.502 [main] INFO  org.apache.coyote.http11.Http11NioProtocol - Initializing ProtocolHandler ["http-nio-8001"]
2021-02-10 23:50:21.503 [main] INFO  org.apache.catalina.core.StandardService - Starting service [Tomcat]
2021-02-10 23:50:21.503 [main] INFO  org.apache.catalina.core.StandardEngine - Starting Servlet engine: [Apache Tomcat/9.0.27]
2021-02-10 23:50:21.575 [main] INFO  o.a.c.core.ContainerBase.[Tomcat].[localhost].[/] - Initializing Spring embedded WebApplicationContext
2021-02-10 23:50:21.575 [main] INFO  org.springframework.web.context.ContextLoader - Root WebApplicationContext: initialization completed in 997 ms
2021-02-10 23:50:21.696 [main] INFO  com.zaxxer.hikari.HikariDataSource - HikariPool-1 - Starting...
2021-02-10 23:50:21.767 [main] INFO  com.zaxxer.hikari.HikariDataSource - HikariPool-1 - Start completed.
2021-02-10 23:50:22.086 [main] INFO  s.d.s.w.PropertySourcedRequestMappingHandlerMapping - Mapped URL path [/v2/api-docs] onto method [springfox.documentation.swagger2.web.Swagger2Controller#getDocumentation(String, HttpServletRequest)]
2021-02-10 23:50:22.150 [main] INFO  o.s.scheduling.concurrent.ThreadPoolTaskExecutor - Initializing ExecutorService 'applicationTaskExecutor'
2021-02-10 23:50:22.408 [main] INFO  s.d.s.web.plugins.DocumentationPluginsBootstrapper - Context refreshed
2021-02-10 23:50:22.417 [main] INFO  s.d.s.web.plugins.DocumentationPluginsBootstrapper - Found 1 custom documentation plugin(s)
2021-02-10 23:50:22.434 [main] INFO  s.d.spring.web.scanners.ApiListingReferenceScanner - Scanning for api listing references
2021-02-10 23:50:22.555 [main] INFO  org.apache.coyote.http11.Http11NioProtocol - Starting ProtocolHandler ["http-nio-8001"]
2021-02-10 23:50:22.575 [main] INFO  o.s.boot.web.embedded.tomcat.TomcatWebServer - Tomcat started on port(s): 8001 (http) with context path ''
2021-02-10 23:50:22.577 [main] INFO  com.hezhu.edu.EduApplication - Started EduApplication in 2.384 seconds (JVM running for 2.827)
2021-02-10 23:50:26.885 [http-nio-8001-exec-1] INFO  o.a.c.core.ContainerBase.[Tomcat].[localhost].[/] - Initializing Spring DispatcherServlet 'dispatcherServlet'
2021-02-10 23:50:26.885 [http-nio-8001-exec-1] INFO  org.springframework.web.servlet.DispatcherServlet - Initializing Servlet 'dispatcherServlet'
2021-02-10 23:50:26.889 [http-nio-8001-exec-1] INFO  org.springframework.web.servlet.DispatcherServlet - Completed initialization in 3 ms
